2025-02-19T20:31:56.804079797: 2025-02-19T20:31:56.794599641: l#/home/lu/Documents/Workspace/concurrency/app/src/main/resources/data.csv
2025-02-19T20:33:05.776252914: 2025-02-19T20:31:57.777755734: Active count: 1 Task Count: 1 Queue siz: 0
2025-02-19T20:33:05.776286267: 2025-02-19T20:33:05.775816993: q#btn;population;2007
2025-02-19T20:34:52.258548446: 2025-02-19T20:33:05.865915174: Active count: 1 Task Count: 1 Queue siz: 0
2025-02-19T20:34:52.258581298: 2025-02-19T20:34:52.258193919: r
2025-02-19T20:36:14.616298031: 2025-02-19T20:34:52.259813429: Active count: 2 Task Count: 2 Queue siz: 0
2025-02-19T20:36:14.616327637: 2025-02-19T20:36:14.616017072: q#ago;percentile;2002
2025-02-19T20:36:51.686879405: 2025-02-19T20:36:14.631169591: Active count: 2 Task Count: 3 Queue siz: 0
2025-02-19T20:36:51.686922316: 2025-02-19T20:36:51.686650985: q#ago;percentil;2000
2025-02-19T20:37:39.024798736: 2025-02-19T20:37:39.024413751: q#ago;percentile;2000
2025-02-19T20:38:28.702021590: 2025-02-19T20:37:39.054040590: Active count: 2 Task Count: 4 Queue siz: 0
2025-02-19T20:38:28.702053770: 2025-02-19T20:38:28.701749176: q#alb;quantile;2018
2025-02-19T20:41:53.747563592: 2025-02-19T20:38:28.716893309: Active count: 3 Task Count: 5 Queue siz: 0
2025-02-19T20:41:53.747658501: 2025-02-19T20:41:53.747064705: q#alb;population share;2012
2025-02-19T20:43:02.189375805: 2025-02-19T20:41:53.760335151: Active count: 4 Task Count: 6 Queue siz: 0
2025-02-19T20:43:02.189405571: 2025-02-19T20:43:02.189004137: bye
2025-02-19T20:43:09.681666646: 2025-02-19T20:43:02.190149739: Active count: 4 Task Count: 6 Queue siz: 0
2025-02-19T20:43:09.681699187: 2025-02-19T20:43:02.190617548: Shutting down the logger
2025-02-19T20:43:09.681714786: 2025-02-19T20:43:09.681384195: r
2025-02-19T20:43:25.935879522: 2025-02-19T20:43:09.684344787: Command r was found in the cache
2025-02-19T20:43:25.935913796: 2025-02-19T20:43:25.935502203: bye
2025-02-19T20:43:48.521591546: 2025-02-19T20:43:25.936166892: Command bye was found in the cache
2025-02-19T20:43:48.521626161: 2025-02-19T20:43:25.936536897: Shutting down the logger
2025-02-19T20:43:48.521646489: 2025-02-19T20:43:48.521104881: b
2025-02-19T20:44:08.503661472: 2025-02-19T20:43:48.522143372: Active count: 2 Task Count: 6 Queue siz: 0
2025-02-19T20:44:08.503714562: 2025-02-19T20:44:08.503297628: r
2025-02-19T20:44:11.707982018: 2025-02-19T20:44:08.504013483: Command r was found in the cache
2025-02-19T20:44:11.708019699: 2025-02-19T20:44:11.707590232: bye
2025-02-19T20:44:18.259608294: 2025-02-19T20:44:11.708354518: Command bye was found in the cache
2025-02-19T20:44:18.259632390: 2025-02-19T20:44:11.708527964: Shutting down the logger
2025-02-19T20:44:18.259648831: 2025-02-19T20:44:18.259360729: bye
